[debug] [2018-09-26T09:10:34.259Z] ----------------------------------------------------------------------
[debug] [2018-09-26T09:10:34.263Z] Command:       /usr/local/bin/node /Users/administrateur/.npm-global/bin/firebase functions:shell
[debug] [2018-09-26T09:10:34.263Z] CLI Version:   4.2.1
[debug] [2018-09-26T09:10:34.263Z] Platform:      darwin
[debug] [2018-09-26T09:10:34.263Z] Node Version:  v8.11.1
[debug] [2018-09-26T09:10:34.264Z] Time:          Wed Sep 26 2018 11:10:34 GMT+0200 (CEST)
[debug] [2018-09-26T09:10:34.264Z] ----------------------------------------------------------------------
[debug] 
[debug] [2018-09-26T09:10:34.279Z] > command requires scopes: ["email","openid","https://www.googleapis.com/auth/cloudplatformprojects.readonly","https://www.googleapis.com/auth/firebase","https://www.googleapis.com/auth/cloud-platform"]
[debug] [2018-09-26T09:10:34.279Z] > authorizing via signed-in user
[debug] [2018-09-26T09:10:34.281Z] >>> HTTP REQUEST GET https://admin.firebase.com/v1/projects/savate-7c94b  
 
[debug] [2018-09-26T09:10:34.940Z] <<< HTTP RESPONSE 200
[info] i  functions: Preparing to emulate functions.
[debug] [2018-09-26T09:10:36.202Z] Fetching environment
[debug] [2018-09-26T09:10:36.208Z] >>> HTTP REQUEST GET https://cloudresourcemanager.googleapis.com/v1/projects/savate-7c94b  
 
[debug] [2018-09-26T09:10:37.145Z] <<< HTTP RESPONSE 200
[debug] [2018-09-26T09:10:37.146Z] >>> HTTP REQUEST GET https://mobilesdk-pa.googleapis.com/v1/projects/280667090040:getServerAppConfig  
 
[debug] [2018-09-26T09:10:37.324Z] <<< HTTP RESPONSE 200
[debug] [2018-09-26T09:10:37.325Z] Starting @google-cloud/functions-emulator
[debug] [2018-09-26T09:10:39.409Z] Parsing function triggers
[debug] [2018-09-26T09:10:39.636Z] Deploying functions locally
[info] ✔  functions: udpateRanking
